[INFO ] 2023-10-15 14:54:18.892 [main] ReportManager - 
[0;7m------------------------------------------------------------------------------------------------------------------------------------------------
                                                    Powered by [1mSHAFT v.7.3.20230929[22m                                                    
------------------------------------------------------------------------------------------------------------------------------------------------
[0m
[INFO ] 2023-10-15 14:54:20.220 [main] ReportManager - Loaded OpenCV "opencv_java470".
[INFO ] 2023-10-15 14:54:20.221 [main] ReportManager - Initializing Allure Reporting Environment...
[INFO ] 2023-10-15 14:54:20.306 [main] ReportManager - Initializing Extent Reporting Environment...
[INFO ] 2023-10-15 14:54:20.730 [main] ReportManager - Initializing Summary Reporting Environment...
[INFO ] 2023-10-15 14:54:20.946 [main] ReportManager - File Action "DoesFileExist" successfully performed. With the following test data "File Path: "src/test/resources/TestDataFiles/testData.json"".
[INFO ] 2023-10-15 14:54:20.947 [main] ReportManager - File Action "DoesFileExist" successfully performed. With the following test data "File Path: "src/test/resources/TestDataFiles/testData.json"".
[INFO ] 2023-10-15 14:54:20.948 [main] ReportManager - File Action "GetAbsolutePath" successfully performed. With the following test data "Relative Folder Path: "src/test/resources/TestDataFiles/testData.json"".
[ERROR] 2023-10-15 14:54:21.001 [main] AllureLifecycle - Could not start step: no test case running
[ERROR] 2023-10-15 14:54:21.004 [main] AllureLifecycle - Could not add attachment: no test is running
[INFO ] 2023-10-15 14:54:21.004 [main] ReportManager - Successfully created attachment 'Test Data - JSON'
[ERROR] 2023-10-15 14:54:21.005 [main] AllureLifecycle - Could not update step: no step running
[ERROR] 2023-10-15 14:54:21.006 [main] AllureLifecycle - Could not stop step: no step running
[INFO ] 2023-10-15 14:54:21.063 [main] ReportManager - 
[0;7m------------------------------------------------------------------------------------------------------------------------------------------------
                                             Starting execution of suite setup configuration method                                             
                                          'com.shaft.listeners.internal.ConfigurationHelper.suiteSetup'                                          
------------------------------------------------------------------------------------------------------------------------------------------------
[0m
[INFO ] 2023-10-15 14:54:21.164 [main] ReportManager - Initializing Important Links...
[INFO ] 2023-10-15 14:54:21.169 [main] ReportManager - Initializing Properties...
[INFO ] 2023-10-15 14:54:21.272 [main] ReportManager - 
[0;7m------------------------------------------------------------------------------------------------------------------------------------------------
                                                Starting execution of setup configuration method                                                
                                                           'PriceAndPlansTests.setup'                                                           
------------------------------------------------------------------------------------------------------------------------------------------------
[0m
[INFO ] 2023-10-15 14:54:21.276 [main] ReportManager - File Action "DoesFileExist" successfully performed. With the following test data "File Path: "src/test/resources/TestDataFiles/testData.json"".
[INFO ] 2023-10-15 14:54:21.277 [main] ReportManager - File Action "GetAbsolutePath" successfully performed. With the following test data "Relative Folder Path: "src/test/resources/TestDataFiles/testData.json"".
[INFO ] 2023-10-15 14:54:22.737 [main] ReportManager - File Action "DoesFileExist" successfully performed. With the following test data "File Path: "src/test/resources/TestDataFiles/testData.json"".
[INFO ] 2023-10-15 14:54:22.737 [main] ReportManager - File Action "GetAbsolutePath" successfully performed. With the following test data "Relative Folder Path: "src/test/resources/TestDataFiles/testData.json"".
[INFO ] 2023-10-15 14:54:22.761 [main] ReportManager - File Action "DoesFileExist" successfully performed. With the following test data "File Path: "src/test/resources/TestDataFiles/testData.json"".
[INFO ] 2023-10-15 14:54:22.762 [main] ReportManager - File Action "GetAbsolutePath" successfully performed. With the following test data "Relative Folder Path: "src/test/resources/TestDataFiles/testData.json"".
[INFO ] 2023-10-15 14:54:22.783 [main] ReportManager - File Action "DoesFileExist" successfully performed. With the following test data "File Path: "src/test/resources/TestDataFiles/testData.json"".
[INFO ] 2023-10-15 14:54:22.783 [main] ReportManager - File Action "GetAbsolutePath" successfully performed. With the following test data "Relative Folder Path: "src/test/resources/TestDataFiles/testData.json"".
[INFO ] 2023-10-15 14:54:22.813 [main] ReportManager - File Action "DoesFileExist" successfully performed. With the following test data "File Path: "src/test/resources/TestDataFiles/testData.json"".
[INFO ] 2023-10-15 14:54:22.814 [main] ReportManager - File Action "GetAbsolutePath" successfully performed. With the following test data "Relative Folder Path: "src/test/resources/TestDataFiles/testData.json"".
[INFO ] 2023-10-15 14:54:22.834 [main] ReportManager - File Action "DoesFileExist" successfully performed. With the following test data "File Path: "src/test/resources/TestDataFiles/testData.json"".
[INFO ] 2023-10-15 14:54:22.835 [main] ReportManager - File Action "GetAbsolutePath" successfully performed. With the following test data "Relative Folder Path: "src/test/resources/TestDataFiles/testData.json"".
[INFO ] 2023-10-15 14:54:22.874 [main] ReportManager - 
[0;7m------------------------------------------------------------------------------------------------------------------------------------------------
                                                 Starting execution of init configuration method                                                 
                                                            'PriceAndPlansTests.init'                                                            
------------------------------------------------------------------------------------------------------------------------------------------------
[0m
[INFO ] 2023-10-15 14:54:22.889 [main] ReportManager - Setting "targetOperatingSystem" property with "windows".
[INFO ] 2023-10-15 14:54:22.904 [main] ReportManager - Capabilities {acceptInsecureCerts: true, browserName: chrome, goog:chromeOptions: {args: [--start-maximized, --remote-allow-origins=*, --enable-automation, --disable-background-timer-..., --disable-backgrounding-occ..., --disable-features=Calculat..., --disable-hang-monitor, --disable-domain-reliability, --disable-renderer-backgrou..., --disable-features=Autofill..., --metrics-recording-only, --no-first-run, --no-default-browser-check, --silent-debugger-extension..., --disable-extensions, --disable-component-extensi..., --disable-dev-shm-usage, --disable-features=MediaRouter, --disable-features=Translate, --disable-ipc-flooding-prot..., --disable-background-networ..., --mute-audio, --disable-breakpad, --ignore-certificate-errors, --disable-device-discovery-..., --force-color-profile=srgb, --hide-scrollbars, --host-resolver-rules, --no-pings, --disable-features=AvoidUnn..., --disable-features=Certific..., --disable-sync, --disable-features=Optimiza..., --disable-features=DialMedi..., --disable-features=GlobalMe..., --disable-features=Improved..., --disable-features=LazyFram..., --disable-field-trial-config, --enable-features=NetworkSe..., --enable-features=NetworkSe..., --enable-use-zoom-for-dsf, --log-net-log, --net-log-capture-mode, --disable-client-side-phish..., --disable-default-apps, --disable-features=Interest...], extensions: [], prefs: {download.default_directory: D:\DEV\Testing\interview\Te..., download.prompt_for_download: false, profile.default_content_settings.popups: 0}}, pageLoadStrategy: none, timeouts: {pageLoad: 60000, script: 30000}, unhandledPromptBehavior: ignore, webSocketUrl: true}
[INFO ] 2023-10-15 14:54:22.905 [main] ReportManager - Attempting to run locally on: "windows | Chrome".
[INFO ] 2023-10-15 14:54:22.905 [main] ReportManager - Identifying OS/Driver combination and selecting the correct driver version automatically. Please note that if a new driver executable will be downloaded it may take some time...
[WARN ] 2023-10-15 14:54:24.506 [main] ReportManager - Oct 15, 2023 2:54:24 PM org.openqa.selenium.devtools.CdpVersionFinder findNearestMatch
[WARN ] 2023-10-15 14:54:24.506 [main] ReportManager - WARNING: Unable to find an exact match for CDP version 118, so returning the closest version found: 117
[INFO ] 2023-10-15 14:54:24.513 [main] ReportManager - Successfully Opened: "windows | Chrome".
[INFO ] 2023-10-15 14:54:24.544 [main] ReportManager - Target URL: "https://subscribe.stctv.com/sa-en"
[INFO ] 2023-10-15 14:54:24.565 [main] ReportManager - Initial URL: "about:blank"
[INFO ] 2023-10-15 14:54:29.665 [main] ReportManager - Navigate to url "https://subscribe.stctv.com/sa-en".
[INFO ] 2023-10-15 14:54:29.742 [main] ReportManager - 
[0;7m------------------------------------------------------------------------------------------------------------------------------------------------
                                        Starting Execution: '1 out of 4' test cases in the current suite                                        
                                              Test Method: 'PriceAndPlansTests.validatePlansExist'                                              
                                     Test Description: 'validate the existence of 3 plans in both languages'                                     
------------------------------------------------------------------------------------------------------------------------------------------------
[0m
[INFO ] 2023-10-15 14:54:29.868 [main] ReportManager - Get text "???????" from "???????".
[INFO ] 2023-10-15 14:54:30.057 [main] ReportManager - Moved the mouse to the middle of the element.
[INFO ] 2023-10-15 14:54:30.088 [main] ReportManager - Click "By.id: country".
[INFO ] 2023-10-15 14:54:30.274 [main] ReportManager - Moved the mouse to the middle of the element.
[INFO ] 2023-10-15 14:54:30.303 [main] ReportManager - Click "sa KSA".
[INFO ] 2023-10-15 14:54:33.949 [main] ReportManager - Assertion "ValidateElementExists" PASSED. Expected "Element Should Exist, locator 'By.id: name-lite'" and Actual "Element Exists". Comparison Type "EQUALS". Validation Type "POSITIVE".
[INFO ] 2023-10-15 14:54:33.968 [main] ReportManager - Successfully created attachment 'Screenshot - 1697370873284_validatePlansExist_ValidateElementExists_passed'
[INFO ] 2023-10-15 14:54:34.955 [main] ReportManager - Assertion "ValidateElementExists" PASSED. Expected "Element Should Exist, locator 'By.id: name-classic'" and Actual "Element Exists". Comparison Type "EQUALS". Validation Type "POSITIVE".
[INFO ] 2023-10-15 14:54:34.960 [main] ReportManager - Successfully created attachment 'Screenshot - 1697370874512_validatePlansExist_ValidateElementExists_passed'
[INFO ] 2023-10-15 14:54:35.921 [main] ReportManager - Assertion "ValidateElementExists" PASSED. Expected "Element Should Exist, locator 'By.id: name-lite'" and Actual "Element Exists". Comparison Type "EQUALS". Validation Type "POSITIVE".
[INFO ] 2023-10-15 14:54:35.925 [main] ReportManager - Successfully created attachment 'Screenshot - 1697370875502_validatePlansExist_ValidateElementExists_passed'
[INFO ] 2023-10-15 14:54:35.966 [main] ReportManager - Get text "???????" from "???????".
[INFO ] 2023-10-15 14:54:36.121 [main] ReportManager - Moved the mouse to the middle of the element.
[INFO ] 2023-10-15 14:54:36.151 [main] ReportManager - Click "???????".
[INFO ] 2023-10-15 14:54:38.891 [main] ReportManager - Assertion "ValidateElementExists" PASSED. Expected "Element Should Exist, locator 'By.id: name-????'" and Actual "Element Exists". Comparison Type "EQUALS". Validation Type "POSITIVE".
[INFO ] 2023-10-15 14:54:38.895 [main] ReportManager - Successfully created attachment 'Screenshot - 1697370878516_validatePlansExist_ValidateElementExists_passed'
[INFO ] 2023-10-15 14:54:39.864 [main] ReportManager - Assertion "ValidateElementExists" PASSED. Expected "Element Should Exist, locator 'By.id: name-????????'" and Actual "Element Exists". Comparison Type "EQUALS". Validation Type "POSITIVE".
[INFO ] 2023-10-15 14:54:39.897 [main] ReportManager - Successfully created attachment 'Screenshot - 1697370879474_validatePlansExist_ValidateElementExists_passed'
[INFO ] 2023-10-15 14:54:40.937 [main] ReportManager - Assertion "ValidateElementExists" PASSED. Expected "Element Should Exist, locator 'By.id: name-???????'" and Actual "Element Exists". Comparison Type "EQUALS". Validation Type "POSITIVE".
[INFO ] 2023-10-15 14:54:40.941 [main] ReportManager - Successfully created attachment 'Screenshot - 1697370880471_validatePlansExist_ValidateElementExists_passed'
[INFO ] 2023-10-15 14:54:40.944 [main] ReportManager - Successfully created attachment 'SHAFT Engine Logs - Current Method log: init'
[INFO ] 2023-10-15 14:54:40.945 [main] ReportManager - Successfully created attachment 'SHAFT Engine Logs - Current Method log: validatePlansExist'
[INFO ] 2023-10-15 14:54:40.945 [main] ReportManager - 
[0;7m------------------------------------------------------------------------------------------------------------------------------------------------
                                   Finished Execution of Test Method: 'PriceAndPlansTests.validatePlansExist'                                   
                                     Test Description: 'validate the existence of 3 plans in both languages'                                     
                                                              Test Status: 'Passed'                                                              
------------------------------------------------------------------------------------------------------------------------------------------------
[0m
[INFO ] 2023-10-15 14:54:40.956 [main] ReportManager - 
[0;7m------------------------------------------------------------------------------------------------------------------------------------------------
                                                Starting execution of flush configuration method                                                
                                                           'PriceAndPlansTests.flush'                                                           
------------------------------------------------------------------------------------------------------------------------------------------------
[0m
[INFO ] 2023-10-15 14:54:41.206 [main] ReportManager - Successfully Closed Driver.
[ERROR] 2023-10-15 14:54:41.208 [main] AllureLifecycle - Could not add attachment: no test is running
[INFO ] 2023-10-15 14:54:41.209 [main] ReportManager - Successfully created attachment 'SHAFT Engine Logs - Current Method log: flush'
[INFO ] 2023-10-15 14:54:41.211 [main] ReportManager - 
[0;7m------------------------------------------------------------------------------------------------------------------------------------------------
                                                 Starting execution of init configuration method                                                 
                                                            'PriceAndPlansTests.init'                                                            
------------------------------------------------------------------------------------------------------------------------------------------------
[0m
[INFO ] 2023-10-15 14:54:41.212 [main] ReportManager - Setting "targetOperatingSystem" property with "windows".
[INFO ] 2023-10-15 14:54:41.213 [main] ReportManager - Capabilities {acceptInsecureCerts: true, browserName: chrome, goog:chromeOptions: {args: [--start-maximized, --remote-allow-origins=*, --enable-automation, --disable-background-timer-..., --disable-backgrounding-occ..., --disable-features=Calculat..., --disable-hang-monitor, --disable-domain-reliability, --disable-renderer-backgrou..., --disable-features=Autofill..., --metrics-recording-only, --no-first-run, --no-default-browser-check, --silent-debugger-extension..., --disable-extensions, --disable-component-extensi..., --disable-dev-shm-usage, --disable-features=MediaRouter, --disable-features=Translate, --disable-ipc-flooding-prot..., --disable-background-networ..., --mute-audio, --disable-breakpad, --ignore-certificate-errors, --disable-device-discovery-..., --force-color-profile=srgb, --hide-scrollbars, --host-resolver-rules, --no-pings, --disable-features=AvoidUnn..., --disable-features=Certific..., --disable-sync, --disable-features=Optimiza..., --disable-features=DialMedi..., --disable-features=GlobalMe..., --disable-features=Improved..., --disable-features=LazyFram..., --disable-field-trial-config, --enable-features=NetworkSe..., --enable-features=NetworkSe..., --enable-use-zoom-for-dsf, --log-net-log, --net-log-capture-mode, --disable-client-side-phish..., --disable-default-apps, --disable-features=Interest...], extensions: [], prefs: {download.default_directory: D:\DEV\Testing\interview\Te..., download.prompt_for_download: false, profile.default_content_settings.popups: 0}}, pageLoadStrategy: none, timeouts: {pageLoad: 60000, script: 30000}, unhandledPromptBehavior: ignore, webSocketUrl: true}
[INFO ] 2023-10-15 14:54:41.214 [main] ReportManager - Attempting to run locally on: "windows | Chrome".
[INFO ] 2023-10-15 14:54:41.214 [main] ReportManager - Identifying OS/Driver combination and selecting the correct driver version automatically. Please note that if a new driver executable will be downloaded it may take some time...
[WARN ] 2023-10-15 14:54:41.975 [main] ReportManager - Oct 15, 2023 2:54:41 PM org.openqa.selenium.devtools.CdpVersionFinder findNearestMatch
[WARN ] 2023-10-15 14:54:41.975 [main] ReportManager - WARNING: Unable to find an exact match for CDP version 118, so returning the closest version found: 117
[INFO ] 2023-10-15 14:54:41.976 [main] ReportManager - Successfully Opened: "windows | Chrome".
[INFO ] 2023-10-15 14:54:42.038 [main] ReportManager - Target URL: "https://subscribe.stctv.com/sa-en"
[INFO ] 2023-10-15 14:54:42.055 [main] ReportManager - Initial URL: "about:blank"
[INFO ] 2023-10-15 14:54:45.835 [main] ReportManager - Navigate to url "https://subscribe.stctv.com/sa-en".
[INFO ] 2023-10-15 14:54:45.837 [main] ReportManager - 
[0;7m------------------------------------------------------------------------------------------------------------------------------------------------
                                        Starting Execution: '2 out of 4' test cases in the current suite                                        
                                          Test Method: 'PriceAndPlansTests.validatePriceOfCLASSICPLan'                                          
                                Test Description: 'validate the  correct price of CLASSIC plan in both languages'                                
------------------------------------------------------------------------------------------------------------------------------------------------
[0m
[INFO ] 2023-10-15 14:54:45.900 [main] ReportManager - Get text "???????" from "???????".
[INFO ] 2023-10-15 14:54:46.056 [main] ReportManager - Moved the mouse to the middle of the element.
[INFO ] 2023-10-15 14:54:46.088 [main] ReportManager - Click "By.id: country".
[INFO ] 2023-10-15 14:54:46.275 [main] ReportManager - Moved the mouse to the middle of the element.
[INFO ] 2023-10-15 14:54:46.312 [main] ReportManager - Click "sa KSA".
[INFO ] 2023-10-15 14:54:49.158 [main] ReportManager - Get text "25 SAR/month" from "By.id: currency-classic".
[INFO ] 2023-10-15 14:54:49.159 [main] ReportManager - Expected "25 SAR/month", and actual "25 SAR/month"
[INFO ] 2023-10-15 14:54:50.261 [main] ReportManager - Assertion "ValidateElementAttribute" PASSED. Expected "Value Should be '25 SAR/month' for the 'text' attribute, element locator 'By.id: currency-classic'" and Actual "25 SAR/month". Comparison Type "EQUALS". Validation Type "POSITIVE".
[INFO ] 2023-10-15 14:54:50.266 [main] ReportManager - Successfully created attachment 'Screenshot - 1697370889741_validatePriceOfCLASSICPLan_ValidateElementAttribute_passed'
[INFO ] 2023-10-15 14:54:50.304 [main] ReportManager - Get text "???????" from "???????".
[INFO ] 2023-10-15 14:54:50.451 [main] ReportManager - Moved the mouse to the middle of the element.
[INFO ] 2023-10-15 14:54:50.476 [main] ReportManager - Click "???????".
[INFO ] 2023-10-15 14:54:51.794 [main] ReportManager - Get text "25 ???? ?????/???" from "By.id: currency-????????".
[INFO ] 2023-10-15 14:54:51.794 [main] ReportManager - Expected "25 ???? ?????/???", and actual "25 ???? ?????/???"
[INFO ] 2023-10-15 14:54:52.743 [main] ReportManager - Assertion "ValidateElementAttribute" PASSED. Expected "Value Should be '25 ???? ?????/???' for the 'text' attribute, element locator 'By.id: currency-????????'" and Actual "25 ???? ?????/???". Comparison Type "EQUALS". Validation Type "POSITIVE".
[INFO ] 2023-10-15 14:54:52.747 [main] ReportManager - Successfully created attachment 'Screenshot - 1697370892380_validatePriceOfCLASSICPLan_ValidateElementAttribute_passed'
[INFO ] 2023-10-15 14:54:52.748 [main] ReportManager - Successfully created attachment 'SHAFT Engine Logs - Current Method log: init'
[INFO ] 2023-10-15 14:54:52.749 [main] ReportManager - Successfully created attachment 'SHAFT Engine Logs - Current Method log: validatePriceOfCLASSICPLan'
[INFO ] 2023-10-15 14:54:52.749 [main] ReportManager - 
[0;7m------------------------------------------------------------------------------------------------------------------------------------------------
                               Finished Execution of Test Method: 'PriceAndPlansTests.validatePriceOfCLASSICPLan'                               
                                Test Description: 'validate the  correct price of CLASSIC plan in both languages'                                
                                                              Test Status: 'Passed'                                                              
------------------------------------------------------------------------------------------------------------------------------------------------
[0m
[INFO ] 2023-10-15 14:54:52.751 [main] ReportManager - 
[0;7m------------------------------------------------------------------------------------------------------------------------------------------------
                                                Starting execution of flush configuration method                                                
                                                           'PriceAndPlansTests.flush'                                                           
------------------------------------------------------------------------------------------------------------------------------------------------
[0m
[INFO ] 2023-10-15 14:54:52.990 [main] ReportManager - Successfully Closed Driver.
[ERROR] 2023-10-15 14:54:52.991 [main] AllureLifecycle - Could not add attachment: no test is running
[INFO ] 2023-10-15 14:54:52.992 [main] ReportManager - Successfully created attachment 'SHAFT Engine Logs - Current Method log: flush'
[INFO ] 2023-10-15 14:54:52.992 [main] ReportManager - 
[0;7m------------------------------------------------------------------------------------------------------------------------------------------------
                                                 Starting execution of init configuration method                                                 
                                                            'PriceAndPlansTests.init'                                                            
------------------------------------------------------------------------------------------------------------------------------------------------
[0m
[INFO ] 2023-10-15 14:54:52.994 [main] ReportManager - Setting "targetOperatingSystem" property with "windows".
[INFO ] 2023-10-15 14:54:52.995 [main] ReportManager - Capabilities {acceptInsecureCerts: true, browserName: chrome, goog:chromeOptions: {args: [--start-maximized, --remote-allow-origins=*, --enable-automation, --disable-background-timer-..., --disable-backgrounding-occ..., --disable-features=Calculat..., --disable-hang-monitor, --disable-domain-reliability, --disable-renderer-backgrou..., --disable-features=Autofill..., --metrics-recording-only, --no-first-run, --no-default-browser-check, --silent-debugger-extension..., --disable-extensions, --disable-component-extensi..., --disable-dev-shm-usage, --disable-features=MediaRouter, --disable-features=Translate, --disable-ipc-flooding-prot..., --disable-background-networ..., --mute-audio, --disable-breakpad, --ignore-certificate-errors, --disable-device-discovery-..., --force-color-profile=srgb, --hide-scrollbars, --host-resolver-rules, --no-pings, --disable-features=AvoidUnn..., --disable-features=Certific..., --disable-sync, --disable-features=Optimiza..., --disable-features=DialMedi..., --disable-features=GlobalMe..., --disable-features=Improved..., --disable-features=LazyFram..., --disable-field-trial-config, --enable-features=NetworkSe..., --enable-features=NetworkSe..., --enable-use-zoom-for-dsf, --log-net-log, --net-log-capture-mode, --disable-client-side-phish..., --disable-default-apps, --disable-features=Interest...], extensions: [], prefs: {download.default_directory: D:\DEV\Testing\interview\Te..., download.prompt_for_download: false, profile.default_content_settings.popups: 0}}, pageLoadStrategy: none, timeouts: {pageLoad: 60000, script: 30000}, unhandledPromptBehavior: ignore, webSocketUrl: true}
[INFO ] 2023-10-15 14:54:52.995 [main] ReportManager - Attempting to run locally on: "windows | Chrome".
[INFO ] 2023-10-15 14:54:52.995 [main] ReportManager - Identifying OS/Driver combination and selecting the correct driver version automatically. Please note that if a new driver executable will be downloaded it may take some time...
[WARN ] 2023-10-15 14:54:53.763 [main] ReportManager - Oct 15, 2023 2:54:53 PM org.openqa.selenium.devtools.CdpVersionFinder findNearestMatch
[WARN ] 2023-10-15 14:54:53.763 [main] ReportManager - WARNING: Unable to find an exact match for CDP version 118, so returning the closest version found: 117
[INFO ] 2023-10-15 14:54:53.764 [main] ReportManager - Successfully Opened: "windows | Chrome".
[INFO ] 2023-10-15 14:54:53.824 [main] ReportManager - Target URL: "https://subscribe.stctv.com/sa-en"
[INFO ] 2023-10-15 14:54:53.839 [main] ReportManager - Initial URL: "about:blank"
[INFO ] 2023-10-15 14:54:58.160 [main] ReportManager - Navigate to url "https://subscribe.stctv.com/sa-en".
[INFO ] 2023-10-15 14:54:58.163 [main] ReportManager - 
[0;7m------------------------------------------------------------------------------------------------------------------------------------------------
                                        Starting Execution: '3 out of 4' test cases in the current suite                                        
                                            Test Method: 'PriceAndPlansTests.validatePriceOfLitePLan'                                            
                                 Test Description: 'validate the  correct price of LITE plan in both languages'                                 
------------------------------------------------------------------------------------------------------------------------------------------------
[0m
[INFO ] 2023-10-15 14:54:58.222 [main] ReportManager - Get text "???????" from "???????".
[INFO ] 2023-10-15 14:54:58.382 [main] ReportManager - Moved the mouse to the middle of the element.
[INFO ] 2023-10-15 14:54:58.416 [main] ReportManager - Click "By.id: country".
[INFO ] 2023-10-15 14:54:58.602 [main] ReportManager - Moved the mouse to the middle of the element.
[INFO ] 2023-10-15 14:54:58.632 [main] ReportManager - Click "sa KSA".
[INFO ] 2023-10-15 14:55:00.955 [main] ReportManager - Get text "15 SAR/month" from "By.id: currency-lite".
[INFO ] 2023-10-15 14:55:00.955 [main] ReportManager - Expected "15 SAR/month", and actual "15 SAR/month"
[INFO ] 2023-10-15 14:55:01.966 [main] ReportManager - Assertion "ValidateElementAttribute" PASSED. Expected "Value Should be '15 SAR/month' for the 'text' attribute, element locator 'By.id: currency-lite'" and Actual "15 SAR/month". Comparison Type "EQUALS". Validation Type "POSITIVE".
[INFO ] 2023-10-15 14:55:01.973 [main] ReportManager - Successfully created attachment 'Screenshot - 1697370901471_validatePriceOfLitePLan_ValidateElementAttribute_passed'
[INFO ] 2023-10-15 14:55:02.008 [main] ReportManager - Get text "???????" from "???????".
[INFO ] 2023-10-15 14:55:02.160 [main] ReportManager - Moved the mouse to the middle of the element.
[INFO ] 2023-10-15 14:55:02.195 [main] ReportManager - Click "???????".
[INFO ] 2023-10-15 14:55:04.026 [main] ReportManager - Get text "15 ???? ?????/???" from "By.id: currency-????".
[INFO ] 2023-10-15 14:55:04.026 [main] ReportManager - Expected "15 ???? ?????/???", and actual "15 ???? ?????/???"
[INFO ] 2023-10-15 14:55:04.908 [main] ReportManager - Assertion "ValidateElementAttribute" PASSED. Expected "Value Should be '15 ???? ?????/???' for the 'text' attribute, element locator 'By.id: currency-????'" and Actual "15 ???? ?????/???". Comparison Type "EQUALS". Validation Type "POSITIVE".
[INFO ] 2023-10-15 14:55:04.913 [main] ReportManager - Successfully created attachment 'Screenshot - 1697370904525_validatePriceOfLitePLan_ValidateElementAttribute_passed'
[INFO ] 2023-10-15 14:55:04.914 [main] ReportManager - Successfully created attachment 'SHAFT Engine Logs - Current Method log: init'
[INFO ] 2023-10-15 14:55:04.915 [main] ReportManager - Successfully created attachment 'SHAFT Engine Logs - Current Method log: validatePriceOfLitePLan'
[INFO ] 2023-10-15 14:55:04.915 [main] ReportManager - 
[0;7m------------------------------------------------------------------------------------------------------------------------------------------------
                                 Finished Execution of Test Method: 'PriceAndPlansTests.validatePriceOfLitePLan'                                 
                                 Test Description: 'validate the  correct price of LITE plan in both languages'                                 
                                                              Test Status: 'Passed'                                                              
------------------------------------------------------------------------------------------------------------------------------------------------
[0m
[INFO ] 2023-10-15 14:55:04.917 [main] ReportManager - 
[0;7m------------------------------------------------------------------------------------------------------------------------------------------------
                                                Starting execution of flush configuration method                                                
                                                           'PriceAndPlansTests.flush'                                                           
------------------------------------------------------------------------------------------------------------------------------------------------
[0m
[INFO ] 2023-10-15 14:55:05.158 [main] ReportManager - Successfully Closed Driver.
[ERROR] 2023-10-15 14:55:05.159 [main] AllureLifecycle - Could not add attachment: no test is running
[INFO ] 2023-10-15 14:55:05.159 [main] ReportManager - Successfully created attachment 'SHAFT Engine Logs - Current Method log: flush'
[INFO ] 2023-10-15 14:55:05.160 [main] ReportManager - 
[0;7m------------------------------------------------------------------------------------------------------------------------------------------------
                                                 Starting execution of init configuration method                                                 
                                                            'PriceAndPlansTests.init'                                                            
------------------------------------------------------------------------------------------------------------------------------------------------
[0m
[INFO ] 2023-10-15 14:55:05.162 [main] ReportManager - Setting "targetOperatingSystem" property with "windows".
[INFO ] 2023-10-15 14:55:05.163 [main] ReportManager - Capabilities {acceptInsecureCerts: true, browserName: chrome, goog:chromeOptions: {args: [--start-maximized, --remote-allow-origins=*, --enable-automation, --disable-background-timer-..., --disable-backgrounding-occ..., --disable-features=Calculat..., --disable-hang-monitor, --disable-domain-reliability, --disable-renderer-backgrou..., --disable-features=Autofill..., --metrics-recording-only, --no-first-run, --no-default-browser-check, --silent-debugger-extension..., --disable-extensions, --disable-component-extensi..., --disable-dev-shm-usage, --disable-features=MediaRouter, --disable-features=Translate, --disable-ipc-flooding-prot..., --disable-background-networ..., --mute-audio, --disable-breakpad, --ignore-certificate-errors, --disable-device-discovery-..., --force-color-profile=srgb, --hide-scrollbars, --host-resolver-rules, --no-pings, --disable-features=AvoidUnn..., --disable-features=Certific..., --disable-sync, --disable-features=Optimiza..., --disable-features=DialMedi..., --disable-features=GlobalMe..., --disable-features=Improved..., --disable-features=LazyFram..., --disable-field-trial-config, --enable-features=NetworkSe..., --enable-features=NetworkSe..., --enable-use-zoom-for-dsf, --log-net-log, --net-log-capture-mode, --disable-client-side-phish..., --disable-default-apps, --disable-features=Interest...], extensions: [], prefs: {download.default_directory: D:\DEV\Testing\interview\Te..., download.prompt_for_download: false, profile.default_content_settings.popups: 0}}, pageLoadStrategy: none, timeouts: {pageLoad: 60000, script: 30000}, unhandledPromptBehavior: ignore, webSocketUrl: true}
[INFO ] 2023-10-15 14:55:05.163 [main] ReportManager - Attempting to run locally on: "windows | Chrome".
[INFO ] 2023-10-15 14:55:05.163 [main] ReportManager - Identifying OS/Driver combination and selecting the correct driver version automatically. Please note that if a new driver executable will be downloaded it may take some time...
[WARN ] 2023-10-15 14:55:05.923 [main] ReportManager - Oct 15, 2023 2:55:05 PM org.openqa.selenium.devtools.CdpVersionFinder findNearestMatch
[WARN ] 2023-10-15 14:55:05.923 [main] ReportManager - WARNING: Unable to find an exact match for CDP version 118, so returning the closest version found: 117
[INFO ] 2023-10-15 14:55:05.923 [main] ReportManager - Successfully Opened: "windows | Chrome".
[INFO ] 2023-10-15 14:55:05.984 [main] ReportManager - Target URL: "https://subscribe.stctv.com/sa-en"
[INFO ] 2023-10-15 14:55:05.997 [main] ReportManager - Initial URL: "about:blank"
[INFO ] 2023-10-15 14:55:45.467 [main] ReportManager - Navigate to url "https://subscribe.stctv.com/sa-en".
[INFO ] 2023-10-15 14:55:45.469 [main] ReportManager - 
[0;7m------------------------------------------------------------------------------------------------------------------------------------------------
                                        Starting Execution: '4 out of 4' test cases in the current suite                                        
                                          Test Method: 'PriceAndPlansTests.validatePriceOfPREMIUMPLan'                                          
                                Test Description: 'validate the  correct price of PREMIUM plan in both languages'                                
------------------------------------------------------------------------------------------------------------------------------------------------
[0m
[INFO ] 2023-10-15 14:55:45.521 [main] ReportManager - Get text "???????" from "???????".
[INFO ] 2023-10-15 14:55:45.678 [main] ReportManager - Moved the mouse to the middle of the element.
[INFO ] 2023-10-15 14:55:45.706 [main] ReportManager - Click "By.id: country".
[INFO ] 2023-10-15 14:55:45.882 [main] ReportManager - Moved the mouse to the middle of the element.
[INFO ] 2023-10-15 14:55:45.912 [main] ReportManager - Click "sa KSA".
[INFO ] 2023-10-15 14:56:14.993 [main] ReportManager - Get text "60 SAR/month" from "By.id: currency-premium".
[INFO ] 2023-10-15 14:56:14.993 [main] ReportManager - Expected "60 SAR/month", and actual "60 SAR/month"
[INFO ] 2023-10-15 14:56:16.061 [main] ReportManager - Assertion "ValidateElementAttribute" PASSED. Expected "Value Should be '60 SAR/month' for the 'text' attribute, element locator 'By.id: currency-premium'" and Actual "60 SAR/month". Comparison Type "EQUALS". Validation Type "POSITIVE".
[INFO ] 2023-10-15 14:56:16.065 [main] ReportManager - Successfully created attachment 'Screenshot - 1697370975551_validatePriceOfPREMIUMPLan_ValidateElementAttribute_passed'
[INFO ] 2023-10-15 14:56:16.101 [main] ReportManager - Get text "???????" from "???????".
[INFO ] 2023-10-15 14:56:16.254 [main] ReportManager - Moved the mouse to the middle of the element.
[INFO ] 2023-10-15 14:56:16.293 [main] ReportManager - Click "???????".
[INFO ] 2023-10-15 14:56:24.778 [main] ReportManager - Get text "60 ???? ?????/???" from "By.id: currency-???????".
[INFO ] 2023-10-15 14:56:24.778 [main] ReportManager - Expected "60 ???? ?????/???", and actual "60 ???? ?????/???"
[INFO ] 2023-10-15 14:56:25.790 [main] ReportManager - Assertion "ValidateElementAttribute" PASSED. Expected "Value Should be '60 ???? ?????/???' for the 'text' attribute, element locator 'By.id: currency-???????'" and Actual "60 ???? ?????/???". Comparison Type "EQUALS". Validation Type "POSITIVE".
[INFO ] 2023-10-15 14:56:25.793 [main] ReportManager - Successfully created attachment 'Screenshot - 1697370985306_validatePriceOfPREMIUMPLan_ValidateElementAttribute_passed'
[INFO ] 2023-10-15 14:56:25.794 [main] ReportManager - Successfully created attachment 'SHAFT Engine Logs - Current Method log: init'
[INFO ] 2023-10-15 14:56:25.795 [main] ReportManager - Successfully created attachment 'SHAFT Engine Logs - Current Method log: validatePriceOfPREMIUMPLan'
[INFO ] 2023-10-15 14:56:25.795 [main] ReportManager - 
[0;7m------------------------------------------------------------------------------------------------------------------------------------------------
                               Finished Execution of Test Method: 'PriceAndPlansTests.validatePriceOfPREMIUMPLan'                               
                                Test Description: 'validate the  correct price of PREMIUM plan in both languages'                                
                                                              Test Status: 'Passed'                                                              
------------------------------------------------------------------------------------------------------------------------------------------------
[0m
[INFO ] 2023-10-15 14:56:25.796 [main] ReportManager - 
[0;7m------------------------------------------------------------------------------------------------------------------------------------------------
                                                Starting execution of flush configuration method                                                
                                                           'PriceAndPlansTests.flush'                                                           
------------------------------------------------------------------------------------------------------------------------------------------------
[0m
[INFO ] 2023-10-15 14:56:26.100 [main] ReportManager - Successfully Closed Driver.
[ERROR] 2023-10-15 14:56:26.101 [main] AllureLifecycle - Could not add attachment: no test is running
[INFO ] 2023-10-15 14:56:26.101 [main] ReportManager - Successfully created attachment 'SHAFT Engine Logs - Current Method log: flush'
[INFO ] 2023-10-15 14:56:26.105 [main] ReportManager - 
[0;7m------------------------------------------------------------------------------------------------------------------------------------------------
                                           Starting execution of engine teardown configuration method                                           
                                        'com.shaft.listeners.internal.ConfigurationHelper.engineTeardown'                                        
------------------------------------------------------------------------------------------------------------------------------------------------
[0m
[INFO ] 2023-10-15 14:56:26.105 [main] ReportManager - Successfully created attachment 'SHAFT Engine Logs - Execution log'
[INFO ] 2023-10-15 14:56:26.105 [main] ReportManager - File Action "DoesFileExist" successfully performed. With the following test data "File Path: "target/logs/log4j.log"".
[INFO ] 2023-10-15 14:56:26.106 [main] ReportManager - File Action "GetAbsolutePath" successfully performed. With the following test data "Relative Folder Path: "target/logs/log4j.log"".
